<?xml version="1.0" encoding="UTF-8"?>
<!-- Generated by org.testng.reporters.JUnitReportReporter -->
<testsuite skipped="0" hostname="rs-HP16" name="amazon.AmazonTest" tests="1" failures="0" timestamp="07 Aug 2018 07:18:00 GMT" time="66.896" errors="0">
  <testcase name="login" time="66.896" classname="amazon.AmazonTest"/>
</testsuite> <!-- amazon.AmazonTest -->
