<?xml version="1.0" encoding="UTF-8"?>
<!-- Generated by org.testng.reporters.JUnitReportReporter -->
<testsuite skipped="0" hostname="rs-HP16" name="com.gmail.Test1" tests="1" failures="0" timestamp="07 Aug 2018 07:59:00 GMT" time="92.362" errors="0">
  <testcase name="login" time="92.362" classname="com.gmail.Test1"/>
</testsuite> <!-- com.gmail.Test1 -->
